<?xml version="1.0" encoding="UTF-8"?>
<testsuite name="com.testmax.MaximumValueTest" tests="1" skipped="0" failures="0" errors="0" timestamp="2019-11-29T11:54:56" hostname="admin1-desktop" time="0.002">
  <properties/>
  <testcase name="givenMethod_FindFloatMaxValue_PresentAtThirdPositionAndReturn" classname="com.testmax.MaximumValueTest" time="0.002"/>
  <system-out><![CDATA[Maximum value is 7.6
]]></system-out>
  <system-err><![CDATA[]]></system-err>
</testsuite>
