<?xml version="1.0" encoding="UTF-8"?>
<testsuite name="com.testmax.MaximumValueTest" tests="1" skipped="0" failures="0" errors="0" timestamp="2019-11-29T10:57:44" hostname="admin1-desktop" time="0.001">
  <properties/>
  <testcase name="givenMethod_FindIntegerMaxValue_UsingparameterConstructore_ReturnMaxValue" classname="com.testmax.MaximumValueTest" time="0.001"/>
  <system-out><![CDATA[]]></system-out>
  <system-err><![CDATA[]]></system-err>
</testsuite>
